0 info it worked if it ends with ok
1 verbose cli [ 'node', '/usr/local/bin/npm', 'publish' ]
2 info using npm@1.4.9
3 info using node@v0.10.28
4 verbose publish [ '.' ]
5 verbose cache add [ '.', null ]
6 verbose cache add name=undefined spec="." args=[".",null]
7 verbose parsed url { protocol: null,
7 verbose parsed url   slashes: null,
7 verbose parsed url   auth: null,
7 verbose parsed url   host: null,
7 verbose parsed url   port: null,
7 verbose parsed url   hostname: null,
7 verbose parsed url   hash: null,
7 verbose parsed url   search: null,
7 verbose parsed url   query: null,
7 verbose parsed url   pathname: '.',
7 verbose parsed url   path: '.',
7 verbose parsed url   href: '.' }
8 silly lockFile 3a52ce78- .
9 verbose lock . /Users/HayashiYuichi/.npm/3a52ce78-.lock
10 verbose tar pack [ '/var/folders/8j/3zxzd7rd171f2j571rpvcqhr0000gn/T/npm-11063-oi_NXHKs/1409008031572-0.3693112642504275/tmp.tgz',
10 verbose tar pack   '.' ]
11 verbose tarball /var/folders/8j/3zxzd7rd171f2j571rpvcqhr0000gn/T/npm-11063-oi_NXHKs/1409008031572-0.3693112642504275/tmp.tgz
12 verbose folder .
13 info prepublish FrontNoteTemplate@0.0.4
14 silly lockFile 1f1177db-tar tar://.
15 verbose lock tar://. /Users/HayashiYuichi/.npm/1f1177db-tar.lock
16 silly lockFile 6c205fe8-31572-0-3693112642504275-tmp-tgz tar:///var/folders/8j/3zxzd7rd171f2j571rpvcqhr0000gn/T/npm-11063-oi_NXHKs/1409008031572-0.3693112642504275/tmp.tgz
17 verbose lock tar:///var/folders/8j/3zxzd7rd171f2j571rpvcqhr0000gn/T/npm-11063-oi_NXHKs/1409008031572-0.3693112642504275/tmp.tgz /Users/HayashiYuichi/.npm/6c205fe8-31572-0-3693112642504275-tmp-tgz.lock
18 silly lockFile 1f1177db-tar tar://.
19 silly lockFile 1f1177db-tar tar://.
20 silly lockFile 6c205fe8-31572-0-3693112642504275-tmp-tgz tar:///var/folders/8j/3zxzd7rd171f2j571rpvcqhr0000gn/T/npm-11063-oi_NXHKs/1409008031572-0.3693112642504275/tmp.tgz
21 silly lockFile 6c205fe8-31572-0-3693112642504275-tmp-tgz tar:///var/folders/8j/3zxzd7rd171f2j571rpvcqhr0000gn/T/npm-11063-oi_NXHKs/1409008031572-0.3693112642504275/tmp.tgz
22 verbose tar unpack /var/folders/8j/3zxzd7rd171f2j571rpvcqhr0000gn/T/npm-11063-oi_NXHKs/1409008031572-0.3693112642504275/tmp.tgz
23 silly lockFile 355327ea--FrontNoteTemplate-0-0-4-package tar:///Users/HayashiYuichi/.npm/FrontNoteTemplate/0.0.4/package
24 verbose lock tar:///Users/HayashiYuichi/.npm/FrontNoteTemplate/0.0.4/package /Users/HayashiYuichi/.npm/355327ea--FrontNoteTemplate-0-0-4-package.lock
25 silly lockFile 6c205fe8-31572-0-3693112642504275-tmp-tgz tar:///var/folders/8j/3zxzd7rd171f2j571rpvcqhr0000gn/T/npm-11063-oi_NXHKs/1409008031572-0.3693112642504275/tmp.tgz
26 verbose lock tar:///var/folders/8j/3zxzd7rd171f2j571rpvcqhr0000gn/T/npm-11063-oi_NXHKs/1409008031572-0.3693112642504275/tmp.tgz /Users/HayashiYuichi/.npm/6c205fe8-31572-0-3693112642504275-tmp-tgz.lock
27 silly gunzTarPerm modes [ '755', '644' ]
28 silly gunzTarPerm extractEntry package.json
29 silly gunzTarPerm extractEntry .npmignore
30 silly gunzTarPerm extractEntry README.md
31 silly gunzTarPerm extractEntry LICENSE
32 silly gunzTarPerm extractEntry gulpfile.js
33 silly gunzTarPerm extractEntry app/assets/css/style.css
34 silly gunzTarPerm extractEntry app/assets/fonts/FontAwesome.otf
35 silly gunzTarPerm extractEntry app/assets/fonts/fontawesome-webfont.eot
36 silly gunzTarPerm extractEntry app/assets/fonts/fontawesome-webfont.svg
37 silly gunzTarPerm extractEntry app/assets/fonts/fontawesome-webfont.ttf
38 silly gunzTarPerm extractEntry app/assets/fonts/fontawesome-webfont.woff
39 silly gunzTarPerm extractEntry app/assets/images/favicon.ico
40 silly gunzTarPerm extractEntry app/assets/images/frontnote.png
41 silly gunzTarPerm extractEntry app/assets/js/main.js
42 silly gunzTarPerm extractEntry app/assets/js/ripple-effect.js
43 silly gunzTarPerm extractEntry app/assets/lib/highlight.pack.js
44 silly gunzTarPerm extractEntry app/assets/lib/jquery.js
45 silly gunzTarPerm extractEntry app/assets/lib/jquery.mousewheel.js
46 silly gunzTarPerm extractEntry app/index.html
47 silly gunzTarPerm extractEntry app/sass/_fn.scss
48 silly gunzTarPerm extractEntry app/sass/_highlight.scss
49 silly gunzTarPerm extractEntry app/sass/_icon.scss
50 silly gunzTarPerm extractEntry app/sass/_media.scss
51 silly gunzTarPerm extractEntry app/sass/_reset.scss
52 silly gunzTarPerm extractEntry app/sass/_setting.scss
53 silly gunzTarPerm extractEntry app/sass/style.scss
54 silly gunzTarPerm extractEntry frontplate.json
55 silly gunzTarPerm extractEntry release/assets/css/style.css
56 silly gunzTarPerm extractEntry release/assets/fonts/FontAwesome.otf
57 silly gunzTarPerm extractEntry release/assets/fonts/fontawesome-webfont.eot
58 silly gunzTarPerm extractEntry release/assets/fonts/fontawesome-webfont.svg
59 silly gunzTarPerm extractEntry release/assets/fonts/fontawesome-webfont.ttf
60 silly gunzTarPerm extractEntry release/assets/fonts/fontawesome-webfont.woff
61 silly gunzTarPerm extractEntry release/assets/images/favicon.ico
62 silly gunzTarPerm extractEntry release/assets/images/frontnote.png
63 silly gunzTarPerm extractEntry release/assets/js/main.js
64 silly gunzTarPerm extractEntry release/assets/js/ripple-effect.js
65 silly gunzTarPerm extractEntry release/assets/lib/highlight.pack.js
66 silly gunzTarPerm extractEntry release/assets/lib/jquery.js
67 silly gunzTarPerm extractEntry release/assets/lib/jquery.mousewheel.js
68 silly gunzTarPerm extractEntry release/index.html
69 silly lockFile 355327ea--FrontNoteTemplate-0-0-4-package tar:///Users/HayashiYuichi/.npm/FrontNoteTemplate/0.0.4/package
70 silly lockFile 355327ea--FrontNoteTemplate-0-0-4-package tar:///Users/HayashiYuichi/.npm/FrontNoteTemplate/0.0.4/package
71 silly lockFile 6c205fe8-31572-0-3693112642504275-tmp-tgz tar:///var/folders/8j/3zxzd7rd171f2j571rpvcqhr0000gn/T/npm-11063-oi_NXHKs/1409008031572-0.3693112642504275/tmp.tgz
72 silly lockFile 6c205fe8-31572-0-3693112642504275-tmp-tgz tar:///var/folders/8j/3zxzd7rd171f2j571rpvcqhr0000gn/T/npm-11063-oi_NXHKs/1409008031572-0.3693112642504275/tmp.tgz
73 silly lockFile 3a52ce78- .
74 silly lockFile 3a52ce78- .
75 silly publish { name: 'FrontNoteTemplate',
75 silly publish   version: '0.0.4',
75 silly publish   description: 'StyleGuide Template for FrontNote',
75 silly publish   main: 'gulpfile.js',
75 silly publish   dependencies: {},
75 silly publish   devDependencies:
75 silly publish    { 'browser-sync': '^1.1.1',
75 silly publish      gulp: '^3.8.1',
75 silly publish      'gulp-autoprefixer': '0.0.7',
75 silly publish      'gulp-clean': '^0.3.1',
75 silly publish      'gulp-cssmin': '^0.1.6',
75 silly publish      'gulp-htmlhint': '0.0.8',
75 silly publish      'gulp-if': '^1.2.4',
75 silly publish      'gulp-imagemin': '^1.0.0',
75 silly publish      'gulp-jshint': '^1.6.3',
75 silly publish      'gulp-load-plugins': '^0.5.2',
75 silly publish      'gulp-plumber': '^0.6.3',
75 silly publish      'gulp-sass': '^0.7.2',
75 silly publish      'gulp-uglify': '^0.3.1',
75 silly publish      'jshint-stylish': '^0.2.0' },
75 silly publish   scripts: { test: 'echo "Error: no test specified" && exit 1' },
75 silly publish   author: { name: 'frontainer' },
75 silly publish   license: 'MIT',
75 silly publish   readme: '# frontnote-template\n\nStyleGuideジェネレーターFrontNoteのデフォルトテンプレート\n\n[FrontNote](https://www.npmjs.org/package/frontnote)\n\n## 使い方\n\n実際の使い方はrelease/index.htmlのソースをご覧ください。\n\n## 取得可能な値\n\n### title\n\nType: `String`\n\nオプションで指定されたスタイルガイドのタイトル文字列\n\n### overview\n\nType: `Boolean`\n\noverviewページかどうか。  \noverviewページではcurrentにマークダウンを読み込んでHTML化したデータが格納されます。\n\n### current\n\nType: `Object`\n\n現在のファイルオブジェクト\n\n### files\n\nType: `Array`\n\n全てのファイルオブジェクトが格納されている配列データ\n\n### css\n\nType: `String`\n\nオプション:cssで指定したパスが入ったlinkタグ\n\n### script\n\nType: `String`\n\nオプション:scriptで指定したパスが入ったscriptタグ\n\n### helpers\n\nType: `Object`\n\nヘルパー関数オブジェクト\n\n#### isCurrent(current,file)\n\nParam: `current` currentファイルオブジェクト  \nParam: `file` ファイルオブジェクト  \nReturn `Boolean`\n\ncurrentとfileに渡したファイルオブジェクトが一致したらtrueを返却\n\n#### hasAttribute(attributes,attr)\n\nParam: `attributes` 属性値が入った配列\nParam: `attr` 調べる属性\nReturn `Boolean`\n\nattributesにattrが含まれているかどうかを返却\n\n## ファイルオブジェクト\n\n### file.file\n\n読み込んだファイルのパス\n\n### file.url\n\n生成されるスタイルガイドのファイルパス\n\n### file.dirs\n\n読み込んだファイルのパスをディレクトリごとに区切った配列\n\n### file.ext\n\n読み込んだファイルの拡張子\n\n### sections\n\n読み込んだファイルのコメントセクションが格納された配列\n\n### overview\n\n読み込んだファイルのoverviewオブジェクト\n\n* title - overviewタイトル\n* comment - overviewコメント\n\n## コメントセクション\n\n### section.title\n\nセクションタイトル\n\n### section.comment\n\nセクションコメント\n\n### section.attributes\n\nセクションに設定された属性値が入った配列\n以下の属性値だとラベルの色が変わります\n\n* deprecated または 非推奨\n* todo\n\n### section.code\n\nセクションコード\n\n### colors\n\nカラー情報が格納された配列\n\n#### colors[i].name\n\nカラー名\n\n#### colors[i].color\n\nカラーコード\n\n#### colors[i].value\n\nカラー名とカラーコード',
75 silly publish   readmeFilename: 'README.md',
75 silly publish   _id: 'FrontNoteTemplate@0.0.4',
75 silly publish   _shasum: '9122dd91f820301e6f07fa2f267254774d6a78b7',
75 silly publish   _from: '.' }
76 verbose url raw FrontNoteTemplate
77 verbose url resolving [ 'https://registry.npmjs.org/', './FrontNoteTemplate' ]
78 verbose url resolved https://registry.npmjs.org/FrontNoteTemplate
79 info trying registry request attempt 1 at 08:07:12
80 http PUT https://registry.npmjs.org/FrontNoteTemplate
81 http 403 https://registry.npmjs.org/FrontNoteTemplate
82 verbose headers { date: 'Mon, 25 Aug 2014 23:07:14 GMT',
82 verbose headers   server: 'CouchDB/1.5.0 (Erlang OTP/R14B04)',
82 verbose headers   'content-type': 'application/json',
82 verbose headers   'cache-control': 'max-age=60',
82 verbose headers   'content-length': '76',
82 verbose headers   'accept-ranges': 'bytes',
82 verbose headers   via: '1.1 varnish',
82 verbose headers   'x-served-by': 'cache-ty67-TYO',
82 verbose headers   'x-cache': 'MISS',
82 verbose headers   'x-cache-hits': '0',
82 verbose headers   'x-timer': 'S1409008032.347080,VS0,VE1838',
82 verbose headers   'keep-alive': 'timeout=10, max=50',
82 verbose headers   connection: 'Keep-Alive' }
83 error publish Failed PUT 403
84 error Error: forbidden New packages must have all-lowercase names: FrontNoteTemplate
84 error     at RegClient.<anonymous> (/usr/local/lib/node_modules/npm/node_modules/npm-registry-client/lib/request.js:273:14)
84 error     at Request._callback (/usr/local/lib/node_modules/npm/node_modules/npm-registry-client/lib/request.js:211:65)
84 error     at Request.self.callback (/usr/local/lib/node_modules/npm/node_modules/request/request.js:123:22)
84 error     at Request.EventEmitter.emit (events.js:98:17)
84 error     at Request.<anonymous> (/usr/local/lib/node_modules/npm/node_modules/request/request.js:893:14)
84 error     at Request.EventEmitter.emit (events.js:117:20)
84 error     at IncomingMessage.<anonymous> (/usr/local/lib/node_modules/npm/node_modules/request/request.js:844:12)
84 error     at IncomingMessage.EventEmitter.emit (events.js:117:20)
84 error     at _stream_readable.js:919:16
84 error     at process._tickCallback (node.js:419:13)
85 error If you need help, you may report this *entire* log,
85 error including the npm and node versions, at:
85 error     <http://github.com/npm/npm/issues>
86 error System Darwin 13.3.0
87 error command "node" "/usr/local/bin/npm" "publish"
88 error cwd /Users/HayashiYuichi/Documents/project/frontnote/frontnote-template
89 error node -v v0.10.28
90 error npm -v 1.4.9
91 verbose exit [ 1, true ]
